0 info it worked if it ends with ok
1 verbose cli [ '/usr/bin/node', '/usr/bin/npm', 'start' ]
2 info using npm@3.5.2
3 info using node@v8.10.0
4 warn invalid config loglevel="notice"
5 verbose stack Error: ENOENT: no such file or directory, open '/home/sachin/repos/cohort_2/submissions/sp_033_sachin/week_10/day_3/coding_1/package.json'
6 verbose cwd /home/sachin/repos/cohort_2/submissions/sp_033_sachin/week_10/day_3/coding_1
7 error Linux 5.0.0-29-generic
8 error argv "/usr/bin/node" "/usr/bin/npm" "start"
9 error node v8.10.0
10 error npm  v3.5.2
11 error path /home/sachin/repos/cohort_2/submissions/sp_033_sachin/week_10/day_3/coding_1/package.json
12 error code ENOENT
13 error errno -2
14 error syscall open
15 error enoent ENOENT: no such file or directory, open '/home/sachin/repos/cohort_2/submissions/sp_033_sachin/week_10/day_3/coding_1/package.json'
16 error enoent ENOENT: no such file or directory, open '/home/sachin/repos/cohort_2/submissions/sp_033_sachin/week_10/day_3/coding_1/package.json'
16 error enoent This is most likely not a problem with npm itself
16 error enoent and is related to npm not being able to find a file.
17 verbose exit [ -2, true ]
